[debug] [2024-06-01T18:21:00.984Z] ----------------------------------------------------------------------
[debug] [2024-06-01T18:21:00.986Z] Command:       C:\Program Files\nodejs\node.exe C:\Users\fwsmp\AppData\Roaming\npm\node_modules\firebase-tools\lib\bin\firebase.js init
[debug] [2024-06-01T18:21:00.987Z] CLI Version:   13.10.2
[debug] [2024-06-01T18:21:00.987Z] Platform:      win32
[debug] [2024-06-01T18:21:00.987Z] Node Version:  v18.15.0
[debug] [2024-06-01T18:21:00.989Z] Time:          Sat Jun 01 2024 23:51:00 GMT+0530 (India Standard Time)
[debug] [2024-06-01T18:21:00.989Z] ----------------------------------------------------------------------
[debug] 
[debug] [2024-06-01T18:21:00.998Z] > command requires scopes: ["email","openid","https://www.googleapis.com/auth/cloudplatformprojects.readonly","https://www.googleapis.com/auth/firebase","https://www.googleapis.com/auth/cloud-platform"]
[debug] [2024-06-01T18:21:00.999Z] > authorizing via signed-in user (fawasmp543@gmail.com)
[info] 
     ######## #### ########  ######## ########     ###     ######  ########
     ##        ##  ##     ## ##       ##     ##  ##   ##  ##       ##
     ######    ##  ########  ######   ########  #########  ######  ######
     ##        ##  ##    ##  ##       ##     ## ##     ##       ## ##
     ##       #### ##     ## ######## ########  ##     ##  ######  ########

You're about to initialize a Firebase project in this directory:

  C:\Users\fwsmp\Desktop\New folder\iahms

[info] 
=== Project Setup
[info] 
[info] First, let's associate this project directory with a Firebase project.
[info] You can create multiple project aliases by running firebase use --add, 
[info] but for now we'll just set up a default project.
[info] 
[debug] [2024-06-01T18:21:41.172Z] >>> [apiv2][query] GET https://firebase.googleapis.com/v1beta1/projects pageSize=100
[debug] [2024-06-01T18:21:42.332Z] <<< [apiv2][status] GET https://firebase.googleapis.com/v1beta1/projects 200
[debug] [2024-06-01T18:21:42.333Z] <<< [apiv2][body] GET https://firebase.googleapis.com/v1beta1/projects [omitted]
[info] i  Using project iahms-d0137 (iahms) 
[info] 
=== Hosting Setup
[debug] [2024-06-01T18:21:52.787Z] >>> [apiv2][query] GET https://firebase.googleapis.com/v1beta1/projects/iahms-d0137 [none]
[debug] [2024-06-01T18:21:54.199Z] <<< [apiv2][status] GET https://firebase.googleapis.com/v1beta1/projects/iahms-d0137 200
[debug] [2024-06-01T18:21:54.199Z] <<< [apiv2][body] GET https://firebase.googleapis.com/v1beta1/projects/iahms-d0137 {"projectId":"iahms-d0137","projectNumber":"1059252237093","displayName":"iahms","name":"projects/iahms-d0137","resources":{"hostingSite":"iahms-d0137"},"state":"ACTIVE","etag":"1_3f0b0125-46e0-4103-bb8e-afd9393b290b"}
[info] 
[info] Your public directory is the folder (relative to your project directory) that
[info] will contain Hosting assets to be uploaded with firebase deploy. If you
[info] have a build process for your assets, use your build's output directory.
[info] 
[debug] [2024-06-01T18:22:38.826Z] >>> [apiv2][query] GET https://www.gstatic.com/firebasejs/releases.json [none]
[debug] [2024-06-01T18:22:39.079Z] <<< [apiv2][status] GET https://www.gstatic.com/firebasejs/releases.json 200
[debug] [2024-06-01T18:22:39.080Z] <<< [apiv2][body] GET https://www.gstatic.com/firebasejs/releases.json {"current":{"version":"10.12.2","browserURL":"https://www.gstatic.com/firebasejs/10.12.2/firebase.js","packageURL":"https://www.gstatic.com/firebasejs/10.12.2/firebase.tgz"},"live":{"version":"10.12","browserURL":"https://www.gstatic.com/firebasejs/live/10.12/firebase.js","packageURL":"https://www.gstatic.com/firebasejs/live/10.12/firebase.tgz"},"components":{"analytics":"https://www.gstatic.com/firebasejs/10.12.2/firebase-analytics.js","app":"https://www.gstatic.com/firebasejs/10.12.2/firebase-app.js","app-check":"https://www.gstatic.com/firebasejs/10.12.2/firebase-app-check.js","auth":"https://www.gstatic.com/firebasejs/10.12.2/firebase-auth.js","auth/cordova":"https://www.gstatic.com/firebasejs/10.12.2/firebase-auth/cordova.js","auth/web-extension":"https://www.gstatic.com/firebasejs/10.12.2/firebase-auth/web-extension.js","functions":"https://www.gstatic.com/firebasejs/10.12.2/firebase-functions.js","firestore":"https://www.gstatic.com/firebasejs/10.12.2/firebase-firestore.js","firestore/lite":"https://www.gstatic.com/firebasejs/10.12.2/firebase-firestore/lite.js","installations":"https://www.gstatic.com/firebasejs/10.12.2/firebase-installations.js","storage":"https://www.gstatic.com/firebasejs/10.12.2/firebase-storage.js","performance":"https://www.gstatic.com/firebasejs/10.12.2/firebase-performance.js","remote-config":"https://www.gstatic.com/firebasejs/10.12.2/firebase-remote-config.js","messaging":"https://www.gstatic.com/firebasejs/10.12.2/firebase-messaging.js","messaging/sw":"https://www.gstatic.com/firebasejs/10.12.2/firebase-messaging/sw.js","database":"https://www.gstatic.com/firebasejs/10.12.2/firebase-database.js","vertexai-preview":"https://www.gstatic.com/firebasejs/10.12.2/firebase-vertexai-preview.js","firestore.memory":"https://www.gstatic.com/firebasejs/10.12.2/firebase-firestore.memory.js"}}
[info] i  Skipping write of build/index.html 
[info] 
[info] i  Didn't detect a .git folder. Assuming C:\Users\fwsmp\Desktop\New folder\iahms is the project root. 
[info] i  Authorizing with GitHub to upload your service account to a GitHub repository's secrets store. 
[info] 
[info] Visit this URL on this device to log in:
[info] https://github.com/login/oauth/authorize?client_id=89cf50f02ac6aaed3484&state=300858959&redirect_uri=http%3A%2F%2Flocalhost%3A9005&scope=read%3Auser%20repo%20public_repo
[info] 
[info] Waiting for authentication...
[debug] [2024-06-01T18:27:30.293Z] >>> [apiv2][query] POST https://github.com/login/oauth/access_token [none]
[debug] [2024-06-01T18:27:30.293Z] >>> [apiv2][body] POST https://github.com/login/oauth/access_token [stream]
[debug] [2024-06-01T18:27:30.701Z] <<< [apiv2][status] POST https://github.com/login/oauth/access_token 200
[debug] [2024-06-01T18:27:30.701Z] <<< [apiv2][body] POST https://github.com/login/oauth/access_token {"access_token":"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","token_type":"bearer","scope":"read:user,repo"}
[debug] [2024-06-01T18:27:30.722Z] >>> [apiv2][query] GET https://api.github.com/user [none]
[debug] [2024-06-01T18:27:31.174Z] <<< [apiv2][status] GET https://api.github.com/user 200
[debug] [2024-06-01T18:27:31.174Z] <<< [apiv2][body] GET https://api.github.com/user {"login":"fawasmp","id":171446485,"node_id":"U_kgDOCjgQ1Q","avatar_url":"https://avatars.githubusercontent.com/u/171446485?v=4","gravatar_id":"","url":"https://api.github.com/users/fawasmp","html_url":"https://github.com/fawasmp","followers_url":"https://api.github.com/users/fawasmp/followers","following_url":"https://api.github.com/users/fawasmp/following{/other_user}","gists_url":"https://api.github.com/users/fawasmp/gists{/gist_id}","starred_url":"https://api.github.com/users/fawasmp/starred{/owner}{/repo}","subscriptions_url":"https://api.github.com/users/fawasmp/subscriptions","organizations_url":"https://api.github.com/users/fawasmp/orgs","repos_url":"https://api.github.com/users/fawasmp/repos","events_url":"https://api.github.com/users/fawasmp/events{/privacy}","received_events_url":"https://api.github.com/users/fawasmp/received_events","type":"User","site_admin":false,"name":null,"company":null,"blog":"","location":null,"email":null,"hireable":null,"bio":null,"twitter_username":null,"public_repos":0,"public_gists":0,"followers":0,"following":0,"created_at":"2024-06-01T18:27:15Z","updated_at":"2024-06-01T18:27:21Z","private_gists":0,"total_private_repos":0,"owned_private_repos":0,"disk_usage":0,"collaborators":0,"two_factor_authentication":false,"plan":{"name":"free","space":976562499,"collaborators":0,"private_repos":10000}}
[info] 
[info] +  Success! Logged into GitHub as fawasmp 
[info] 
[debug] [2024-06-01T18:28:47.191Z] >>> [apiv2][query] GET https://api.github.com/repos/fawasmp/iahms/actions/secrets/public-key type=owner
[debug] [2024-06-01T18:28:47.709Z] <<< [apiv2][status] GET https://api.github.com/repos/fawasmp/iahms/actions/secrets/public-key 404
[debug] [2024-06-01T18:28:47.710Z] <<< [apiv2][body] GET https://api.github.com/repos/fawasmp/iahms/actions/secrets/public-key {"message":"Not Found","documentation_url":"https://docs.github.com/rest/actions/secrets#get-a-repository-public-key"}
[info] 
[info] 
[error] !  The provided authorization cannot be used with this repository. If this repository is in an organization, did you remember to grant access? 
[info] 
[info] i  Action required: Visit this URL to ensure access has been granted to the appropriate organization(s) for the Firebase CLI GitHub OAuth App: 
[info] https://github.com/settings/connections/applications/89cf50f02ac6aaed3484
[info] 
[debug] [2024-06-01T18:28:59.679Z] >>> [apiv2][query] GET https://api.github.com/repos/fawasmp/iahms/actions/secrets/public-key type=owner
[debug] [2024-06-01T18:29:00.247Z] <<< [apiv2][status] GET https://api.github.com/repos/fawasmp/iahms/actions/secrets/public-key 404
[debug] [2024-06-01T18:29:00.247Z] <<< [apiv2][body] GET https://api.github.com/repos/fawasmp/iahms/actions/secrets/public-key {"message":"Not Found","documentation_url":"https://docs.github.com/rest/actions/secrets#get-a-repository-public-key"}
[info] 
[info] 
[error] !  The provided authorization cannot be used with this repository. If this repository is in an organization, did you remember to grant access? 
[info] 
[info] i  Action required: Visit this URL to ensure access has been granted to the appropriate organization(s) for the Firebase CLI GitHub OAuth App: 
[info] https://github.com/settings/connections/applications/89cf50f02ac6aaed3484
[info] 
[debug] [2024-06-01T18:29:00.407Z] >>> [apiv2][query] GET https://api.github.com/repos/fawasmp/iahms/actions/secrets/public-key type=owner
[debug] [2024-06-01T18:29:00.846Z] <<< [apiv2][status] GET https://api.github.com/repos/fawasmp/iahms/actions/secrets/public-key 404
[debug] [2024-06-01T18:29:00.846Z] <<< [apiv2][body] GET https://api.github.com/repos/fawasmp/iahms/actions/secrets/public-key {"message":"Not Found","documentation_url":"https://docs.github.com/rest/actions/secrets#get-a-repository-public-key"}
[info] 
[info] 
[error] !  The provided authorization cannot be used with this repository. If this repository is in an organization, did you remember to grant access? 
[info] 
[info] i  Action required: Visit this URL to ensure access has been granted to the appropriate organization(s) for the Firebase CLI GitHub OAuth App: 
[info] https://github.com/settings/connections/applications/89cf50f02ac6aaed3484
[info] 
[debug] [2024-06-01T18:29:01.483Z] >>> [apiv2][query] GET https://api.github.com/repos/fawasmp/iahms/actions/secrets/public-key type=owner
[debug] [2024-06-01T18:29:01.829Z] <<< [apiv2][status] GET https://api.github.com/repos/fawasmp/iahms/actions/secrets/public-key 404
[debug] [2024-06-01T18:29:01.829Z] <<< [apiv2][body] GET https://api.github.com/repos/fawasmp/iahms/actions/secrets/public-key {"message":"Not Found","documentation_url":"https://docs.github.com/rest/actions/secrets#get-a-repository-public-key"}
[info] 
[info] 
[error] !  The provided authorization cannot be used with this repository. If this repository is in an organization, did you remember to grant access? 
[info] 
[info] i  Action required: Visit this URL to ensure access has been granted to the appropriate organization(s) for the Firebase CLI GitHub OAuth App: 
[info] https://github.com/settings/connections/applications/89cf50f02ac6aaed3484
[info] 
[debug] [2024-06-01T18:30:34.305Z] >>> [apiv2][query] GET https://api.github.com/repos/fawasmp/iahms/actions/secrets/public-key type=owner
[debug] [2024-06-01T18:30:34.659Z] <<< [apiv2][status] GET https://api.github.com/repos/fawasmp/iahms/actions/secrets/public-key 404
[debug] [2024-06-01T18:30:34.659Z] <<< [apiv2][body] GET https://api.github.com/repos/fawasmp/iahms/actions/secrets/public-key {"message":"Not Found","documentation_url":"https://docs.github.com/rest/actions/secrets#get-a-repository-public-key"}
[info] 
[info] 
[error] !  The provided authorization cannot be used with this repository. If this repository is in an organization, did you remember to grant access? 
[info] 
[info] i  Action required: Visit this URL to ensure access has been granted to the appropriate organization(s) for the Firebase CLI GitHub OAuth App: 
[info] https://github.com/settings/connections/applications/89cf50f02ac6aaed3484
[info] 
[debug] [2024-06-01T18:31:16.336Z] >>> [apiv2][query] GET https://api.github.com/repos/fawasmp/iahms/actions/secrets/public-key type=owner
[debug] [2024-06-01T18:31:16.675Z] <<< [apiv2][status] GET https://api.github.com/repos/fawasmp/iahms/actions/secrets/public-key 401
[debug] [2024-06-01T18:31:16.675Z] <<< [apiv2][body] GET https://api.github.com/repos/fawasmp/iahms/actions/secrets/public-key {"message":"Bad credentials","documentation_url":"https://docs.github.com/rest"}
[debug] [2024-06-01T18:31:19.709Z] >>> [apiv2][query] GET https://api.github.com/repos/fawasmp/iahms/actions/secrets/public-key type=owner
[debug] [2024-06-01T18:31:20.362Z] <<< [apiv2][status] GET https://api.github.com/repos/fawasmp/iahms/actions/secrets/public-key 401
[debug] [2024-06-01T18:31:20.362Z] <<< [apiv2][body] GET https://api.github.com/repos/fawasmp/iahms/actions/secrets/public-key {"message":"Bad credentials","documentation_url":"https://docs.github.com/rest"}
[debug] [2024-06-01T18:31:20.449Z] >>> [apiv2][query] GET https://api.github.com/repos/fawasmp/iahms/actions/secrets/public-key type=owner
[debug] [2024-06-01T18:31:20.642Z] >>> [apiv2][query] GET https://api.github.com/repos//actions/secrets/public-key type=owner
[debug] [2024-06-01T18:31:20.771Z] <<< [apiv2][status] GET https://api.github.com/repos/fawasmp/iahms/actions/secrets/public-key 401
[debug] [2024-06-01T18:31:20.772Z] <<< [apiv2][body] GET https://api.github.com/repos/fawasmp/iahms/actions/secrets/public-key {"message":"Bad credentials","documentation_url":"https://docs.github.com/rest"}
[debug] [2024-06-01T18:31:20.827Z] >>> [apiv2][query] GET https://api.github.com/repos/fawasmp/iahms/actions/secrets/public-key type=owner
[debug] [2024-06-01T18:31:20.959Z] <<< [apiv2][status] GET https://api.github.com/repos//actions/secrets/public-key 401
[debug] [2024-06-01T18:31:20.959Z] <<< [apiv2][body] GET https://api.github.com/repos//actions/secrets/public-key {"message":"Bad credentials","documentation_url":"https://docs.github.com/rest"}
[debug] [2024-06-01T18:31:21.054Z] >>> [apiv2][query] GET https://api.github.com/repos//actions/secrets/public-key type=owner
[debug] [2024-06-01T18:31:21.152Z] <<< [apiv2][status] GET https://api.github.com/repos/fawasmp/iahms/actions/secrets/public-key 401
[debug] [2024-06-01T18:31:21.152Z] <<< [apiv2][body] GET https://api.github.com/repos/fawasmp/iahms/actions/secrets/public-key {"message":"Bad credentials","documentation_url":"https://docs.github.com/rest"}
[debug] [2024-06-01T18:31:21.383Z] <<< [apiv2][status] GET https://api.github.com/repos//actions/secrets/public-key 401
[debug] [2024-06-01T18:31:21.383Z] <<< [apiv2][body] GET https://api.github.com/repos//actions/secrets/public-key {"message":"Bad credentials","documentation_url":"https://docs.github.com/rest"}
[debug] [2024-06-01T18:31:21.558Z] >>> [apiv2][query] GET https://api.github.com/repos/fawasmp/iahms/actions/secrets/public-key type=owner
[debug] [2024-06-01T18:31:21.898Z] <<< [apiv2][status] GET https://api.github.com/repos/fawasmp/iahms/actions/secrets/public-key 401
[debug] [2024-06-01T18:31:21.899Z] <<< [apiv2][body] GET https://api.github.com/repos/fawasmp/iahms/actions/secrets/public-key {"message":"Bad credentials","documentation_url":"https://docs.github.com/rest"}
[debug] [2024-06-01T18:31:22.070Z] >>> [apiv2][query] GET https://api.github.com/repos/fawasmp/iahms/actions/secrets/public-key type=owner
[debug] [2024-06-01T18:31:22.286Z] >>> [apiv2][query] GET https://api.github.com/repos//actions/secrets/public-key type=owner
[debug] [2024-06-01T18:31:22.418Z] <<< [apiv2][status] GET https://api.github.com/repos/fawasmp/iahms/actions/secrets/public-key 401
[debug] [2024-06-01T18:31:22.418Z] <<< [apiv2][body] GET https://api.github.com/repos/fawasmp/iahms/actions/secrets/public-key {"message":"Bad credentials","documentation_url":"https://docs.github.com/rest"}
[debug] [2024-06-01T18:31:22.484Z] >>> [apiv2][query] GET https://api.github.com/repos/fawasmp/iahms/actions/secrets/public-key type=owner
[debug] [2024-06-01T18:31:22.631Z] <<< [apiv2][status] GET https://api.github.com/repos//actions/secrets/public-key 401
[debug] [2024-06-01T18:31:22.631Z] <<< [apiv2][body] GET https://api.github.com/repos//actions/secrets/public-key {"message":"Bad credentials","documentation_url":"https://docs.github.com/rest"}
[debug] [2024-06-01T18:31:22.661Z] >>> [apiv2][query] GET https://api.github.com/repos//actions/secrets/public-key type=owner
[debug] [2024-06-01T18:31:22.817Z] <<< [apiv2][status] GET https://api.github.com/repos/fawasmp/iahms/actions/secrets/public-key 401
[debug] [2024-06-01T18:31:22.817Z] <<< [apiv2][body] GET https://api.github.com/repos/fawasmp/iahms/actions/secrets/public-key {"message":"Bad credentials","documentation_url":"https://docs.github.com/rest"}
[debug] [2024-06-01T18:31:22.987Z] <<< [apiv2][status] GET https://api.github.com/repos//actions/secrets/public-key 401
[debug] [2024-06-01T18:31:22.987Z] <<< [apiv2][body] GET https://api.github.com/repos//actions/secrets/public-key {"message":"Bad credentials","documentation_url":"https://docs.github.com/rest"}
[debug] [2024-06-01T18:31:22.989Z] >>> [apiv2][query] GET https://api.github.com/repos/fawasmp/iahms/actions/secrets/public-key type=owner
[debug] [2024-06-01T18:31:23.327Z] <<< [apiv2][status] GET https://api.github.com/repos/fawasmp/iahms/actions/secrets/public-key 401
[debug] [2024-06-01T18:31:23.327Z] <<< [apiv2][body] GET https://api.github.com/repos/fawasmp/iahms/actions/secrets/public-key {"message":"Bad credentials","documentation_url":"https://docs.github.com/rest"}
[debug] [2024-06-01T18:31:26.440Z] >>> [apiv2][query] GET https://api.github.com/repos/fawasmp/iahms/actions/secrets/public-key type=owner
[debug] [2024-06-01T18:31:26.694Z] >>> [apiv2][query] GET https://api.github.com/repos//actions/secrets/public-key type=owner
[debug] [2024-06-01T18:31:26.891Z] >>> [apiv2][query] GET https://api.github.com/repos//actions/secrets/public-key type=owner
[debug] [2024-06-01T18:31:26.977Z] <<< [apiv2][status] GET https://api.github.com/repos/fawasmp/iahms/actions/secrets/public-key 401
[debug] [2024-06-01T18:31:26.977Z] <<< [apiv2][body] GET https://api.github.com/repos/fawasmp/iahms/actions/secrets/public-key {"message":"Bad credentials","documentation_url":"https://docs.github.com/rest"}
[debug] [2024-06-01T18:31:27.076Z] >>> [apiv2][query] GET https://api.github.com/repos/fawasmp/iahms/actions/secrets/public-key type=owner
[debug] [2024-06-01T18:31:27.286Z] >>> [apiv2][query] GET https://api.github.com/repos//actions/secrets/public-key type=owner
[debug] [2024-06-01T18:31:27.385Z] <<< [apiv2][status] GET https://api.github.com/repos//actions/secrets/public-key 401
[debug] [2024-06-01T18:31:27.385Z] <<< [apiv2][body] GET https://api.github.com/repos//actions/secrets/public-key {"message":"Bad credentials","documentation_url":"https://docs.github.com/rest"}
[debug] [2024-06-01T18:31:27.646Z] <<< [apiv2][status] GET https://api.github.com/repos/fawasmp/iahms/actions/secrets/public-key 401
[debug] [2024-06-01T18:31:27.646Z] <<< [apiv2][body] GET https://api.github.com/repos/fawasmp/iahms/actions/secrets/public-key {"message":"Bad credentials","documentation_url":"https://docs.github.com/rest"}
[debug] [2024-06-01T18:31:27.732Z] >>> [apiv2][query] GET https://api.github.com/repos/fawasmp/iahms/actions/secrets/public-key type=owner
[debug] [2024-06-01T18:31:27.940Z] <<< [apiv2][status] GET https://api.github.com/repos//actions/secrets/public-key 401
[debug] [2024-06-01T18:31:27.941Z] <<< [apiv2][body] GET https://api.github.com/repos//actions/secrets/public-key {"message":"Bad credentials","documentation_url":"https://docs.github.com/rest"}
[debug] [2024-06-01T18:31:28.061Z] <<< [apiv2][status] GET https://api.github.com/repos/fawasmp/iahms/actions/secrets/public-key 401
[debug] [2024-06-01T18:31:28.061Z] <<< [apiv2][body] GET https://api.github.com/repos/fawasmp/iahms/actions/secrets/public-key {"message":"Bad credentials","documentation_url":"https://docs.github.com/rest"}
[debug] [2024-06-01T18:31:28.353Z] <<< [apiv2][status] GET https://api.github.com/repos//actions/secrets/public-key 401
[debug] [2024-06-01T18:31:28.354Z] <<< [apiv2][body] GET https://api.github.com/repos//actions/secrets/public-key {"message":"Bad credentials","documentation_url":"https://docs.github.com/rest"}
[debug] [2024-06-01T18:31:28.380Z] >>> [apiv2][query] GET https://api.github.com/repos/fawasmp/iahms/actions/secrets/public-key type=owner
[debug] [2024-06-01T18:31:28.981Z] <<< [apiv2][status] GET https://api.github.com/repos/fawasmp/iahms/actions/secrets/public-key 401
[debug] [2024-06-01T18:31:28.981Z] <<< [apiv2][body] GET https://api.github.com/repos/fawasmp/iahms/actions/secrets/public-key {"message":"Bad credentials","documentation_url":"https://docs.github.com/rest"}
[debug] [2024-06-01T18:31:29.197Z] >>> [apiv2][query] GET https://api.github.com/repos/fawasmp/iahms/actions/secrets/public-key type=owner
[debug] [2024-06-01T18:31:29.435Z] >>> [apiv2][query] GET https://api.github.com/repos//actions/secrets/public-key type=owner
[debug] [2024-06-01T18:31:29.530Z] <<< [apiv2][status] GET https://api.github.com/repos/fawasmp/iahms/actions/secrets/public-key 401
[debug] [2024-06-01T18:31:29.530Z] <<< [apiv2][body] GET https://api.github.com/repos/fawasmp/iahms/actions/secrets/public-key {"message":"Bad credentials","documentation_url":"https://docs.github.com/rest"}
[debug] [2024-06-01T18:31:29.769Z] <<< [apiv2][status] GET https://api.github.com/repos//actions/secrets/public-key 401
[debug] [2024-06-01T18:31:29.770Z] <<< [apiv2][body] GET https://api.github.com/repos//actions/secrets/public-key {"message":"Bad credentials","documentation_url":"https://docs.github.com/rest"}
[debug] [2024-06-01T18:31:29.966Z] >>> [apiv2][query] GET https://api.github.com/repos/fawasmp/iahms/actions/secrets/public-key type=owner
[debug] [2024-06-01T18:31:30.262Z] >>> [apiv2][query] GET https://api.github.com/repos//actions/secrets/public-key type=owner
[debug] [2024-06-01T18:31:30.539Z] <<< [apiv2][status] GET https://api.github.com/repos/fawasmp/iahms/actions/secrets/public-key 401
[debug] [2024-06-01T18:31:30.539Z] <<< [apiv2][body] GET https://api.github.com/repos/fawasmp/iahms/actions/secrets/public-key {"message":"Bad credentials","documentation_url":"https://docs.github.com/rest"}
[debug] [2024-06-01T18:31:30.603Z] <<< [apiv2][status] GET https://api.github.com/repos//actions/secrets/public-key 401
[debug] [2024-06-01T18:31:30.603Z] <<< [apiv2][body] GET https://api.github.com/repos//actions/secrets/public-key {"message":"Bad credentials","documentation_url":"https://docs.github.com/rest"}
[debug] [2024-06-01T18:31:44.474Z] >>> [apiv2][query] GET https://api.github.com/repos/firebase init/actions/secrets/public-key type=owner
[debug] [2024-06-01T18:31:44.824Z] <<< [apiv2][status] GET https://api.github.com/repos/firebase init/actions/secrets/public-key 401
[debug] [2024-06-01T18:31:44.824Z] <<< [apiv2][body] GET https://api.github.com/repos/firebase init/actions/secrets/public-key {"message":"Bad credentials","documentation_url":"https://docs.github.com/rest"}
[debug] [2024-06-01T18:32:01.243Z] ----------------------------------------------------------------------
[debug] [2024-06-01T18:32:01.245Z] Command:       C:\Program Files\nodejs\node.exe C:\Users\fwsmp\AppData\Roaming\npm\node_modules\firebase-tools\lib\bin\firebase.js init
[debug] [2024-06-01T18:32:01.246Z] CLI Version:   13.10.2
[debug] [2024-06-01T18:32:01.246Z] Platform:      win32
[debug] [2024-06-01T18:32:01.247Z] Node Version:  v18.15.0
[debug] [2024-06-01T18:32:01.248Z] Time:          Sun Jun 02 2024 00:02:01 GMT+0530 (India Standard Time)
[debug] [2024-06-01T18:32:01.248Z] ----------------------------------------------------------------------
[debug] 
[debug] [2024-06-01T18:32:01.259Z] > command requires scopes: ["email","openid","https://www.googleapis.com/auth/cloudplatformprojects.readonly","https://www.googleapis.com/auth/firebase","https://www.googleapis.com/auth/cloud-platform"]
[debug] [2024-06-01T18:32:01.260Z] > authorizing via signed-in user (fawasmp543@gmail.com)
[info] 
     ######## #### ########  ######## ########     ###     ######  ########
     ##        ##  ##     ## ##       ##     ##  ##   ##  ##       ##
     ######    ##  ########  ######   ########  #########  ######  ######
     ##        ##  ##    ##  ##       ##     ## ##     ##       ## ##
     ##       #### ##     ## ######## ########  ##     ##  ######  ########

You're about to initialize a Firebase project in this directory:

  C:\Users\fwsmp\Desktop\New folder\iahms

[info] 
=== Project Setup
[info] 
[info] First, let's associate this project directory with a Firebase project.
[info] You can create multiple project aliases by running firebase use --add, 
[info] but for now we'll just set up a default project.
[info] 
[debug] [2024-06-01T18:32:21.085Z] >>> [apiv2][query] GET https://firebase.googleapis.com/v1beta1/projects pageSize=100
[debug] [2024-06-01T18:32:22.271Z] <<< [apiv2][status] GET https://firebase.googleapis.com/v1beta1/projects 200
[debug] [2024-06-01T18:32:22.272Z] <<< [apiv2][body] GET https://firebase.googleapis.com/v1beta1/projects [omitted]
[info] i  Using project iahms-d0137 (iahms) 
[info] 
=== Hosting Setup
[debug] [2024-06-01T18:32:26.644Z] >>> [apiv2][query] GET https://firebase.googleapis.com/v1beta1/projects/iahms-d0137 [none]
[debug] [2024-06-01T18:32:27.508Z] <<< [apiv2][status] GET https://firebase.googleapis.com/v1beta1/projects/iahms-d0137 200
[debug] [2024-06-01T18:32:27.509Z] <<< [apiv2][body] GET https://firebase.googleapis.com/v1beta1/projects/iahms-d0137 {"projectId":"iahms-d0137","projectNumber":"1059252237093","displayName":"iahms","name":"projects/iahms-d0137","resources":{"hostingSite":"iahms-d0137"},"state":"ACTIVE","etag":"1_3f0b0125-46e0-4103-bb8e-afd9393b290b"}
[info] 
[info] Your public directory is the folder (relative to your project directory) that
[info] will contain Hosting assets to be uploaded with firebase deploy. If you
[info] have a build process for your assets, use your build's output directory.
[info] 
[debug] [2024-06-01T18:32:40.551Z] >>> [apiv2][query] GET https://www.gstatic.com/firebasejs/releases.json [none]
[debug] [2024-06-01T18:32:40.790Z] <<< [apiv2][status] GET https://www.gstatic.com/firebasejs/releases.json 200
[debug] [2024-06-01T18:32:40.791Z] <<< [apiv2][body] GET https://www.gstatic.com/firebasejs/releases.json {"current":{"version":"10.12.2","browserURL":"https://www.gstatic.com/firebasejs/10.12.2/firebase.js","packageURL":"https://www.gstatic.com/firebasejs/10.12.2/firebase.tgz"},"live":{"version":"10.12","browserURL":"https://www.gstatic.com/firebasejs/live/10.12/firebase.js","packageURL":"https://www.gstatic.com/firebasejs/live/10.12/firebase.tgz"},"components":{"analytics":"https://www.gstatic.com/firebasejs/10.12.2/firebase-analytics.js","app":"https://www.gstatic.com/firebasejs/10.12.2/firebase-app.js","app-check":"https://www.gstatic.com/firebasejs/10.12.2/firebase-app-check.js","auth":"https://www.gstatic.com/firebasejs/10.12.2/firebase-auth.js","auth/cordova":"https://www.gstatic.com/firebasejs/10.12.2/firebase-auth/cordova.js","auth/web-extension":"https://www.gstatic.com/firebasejs/10.12.2/firebase-auth/web-extension.js","functions":"https://www.gstatic.com/firebasejs/10.12.2/firebase-functions.js","firestore":"https://www.gstatic.com/firebasejs/10.12.2/firebase-firestore.js","firestore/lite":"https://www.gstatic.com/firebasejs/10.12.2/firebase-firestore/lite.js","installations":"https://www.gstatic.com/firebasejs/10.12.2/firebase-installations.js","storage":"https://www.gstatic.com/firebasejs/10.12.2/firebase-storage.js","performance":"https://www.gstatic.com/firebasejs/10.12.2/firebase-performance.js","remote-config":"https://www.gstatic.com/firebasejs/10.12.2/firebase-remote-config.js","messaging":"https://www.gstatic.com/firebasejs/10.12.2/firebase-messaging.js","messaging/sw":"https://www.gstatic.com/firebasejs/10.12.2/firebase-messaging/sw.js","database":"https://www.gstatic.com/firebasejs/10.12.2/firebase-database.js","vertexai-preview":"https://www.gstatic.com/firebasejs/10.12.2/firebase-vertexai-preview.js","firestore.memory":"https://www.gstatic.com/firebasejs/10.12.2/firebase-firestore.memory.js"}}
[info] i  Skipping write of build/index.html 
[info] 
[info] i  Didn't detect a .git folder. Assuming C:\Users\fwsmp\Desktop\New folder\iahms is the project root. 
[info] i  Authorizing with GitHub to upload your service account to a GitHub repository's secrets store. 
[info] 
[info] Visit this URL on this device to log in:
[info] https://github.com/login/oauth/authorize?client_id=89cf50f02ac6aaed3484&state=353026896&redirect_uri=http%3A%2F%2Flocalhost%3A9005&scope=read%3Auser%20repo%20public_repo
[info] 
[info] Waiting for authentication...
[debug] [2024-06-01T18:32:53.468Z] >>> [apiv2][query] POST https://github.com/login/oauth/access_token [none]
[debug] [2024-06-01T18:32:53.468Z] >>> [apiv2][body] POST https://github.com/login/oauth/access_token [stream]
[debug] [2024-06-01T18:32:53.866Z] <<< [apiv2][status] POST https://github.com/login/oauth/access_token 200
[debug] [2024-06-01T18:32:53.866Z] <<< [apiv2][body] POST https://github.com/login/oauth/access_token {"access_token":"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","token_type":"bearer","scope":"read:user,repo"}
[debug] [2024-06-01T18:32:53.872Z] >>> [apiv2][query] GET https://api.github.com/user [none]
[debug] [2024-06-01T18:32:54.312Z] <<< [apiv2][status] GET https://api.github.com/user 200
[debug] [2024-06-01T18:32:54.312Z] <<< [apiv2][body] GET https://api.github.com/user {"login":"fawasmp","id":171446485,"node_id":"U_kgDOCjgQ1Q","avatar_url":"https://avatars.githubusercontent.com/u/171446485?v=4","gravatar_id":"","url":"https://api.github.com/users/fawasmp","html_url":"https://github.com/fawasmp","followers_url":"https://api.github.com/users/fawasmp/followers","following_url":"https://api.github.com/users/fawasmp/following{/other_user}","gists_url":"https://api.github.com/users/fawasmp/gists{/gist_id}","starred_url":"https://api.github.com/users/fawasmp/starred{/owner}{/repo}","subscriptions_url":"https://api.github.com/users/fawasmp/subscriptions","organizations_url":"https://api.github.com/users/fawasmp/orgs","repos_url":"https://api.github.com/users/fawasmp/repos","events_url":"https://api.github.com/users/fawasmp/events{/privacy}","received_events_url":"https://api.github.com/users/fawasmp/received_events","type":"User","site_admin":false,"name":null,"company":null,"blog":"","location":null,"email":null,"hireable":null,"bio":null,"twitter_username":null,"public_repos":0,"public_gists":0,"followers":0,"following":0,"created_at":"2024-06-01T18:27:15Z","updated_at":"2024-06-01T18:27:21Z","private_gists":0,"total_private_repos":0,"owned_private_repos":0,"disk_usage":0,"collaborators":0,"two_factor_authentication":false,"plan":{"name":"free","space":976562499,"collaborators":0,"private_repos":10000}}
[info] 
[info] +  Success! Logged into GitHub as fawasmp 
[info] 
